    1  git branch BR_Q2
    2  git checkout BR_Q2
    3  cp DOWNLOADS/LINUX_COURSE_WORK-downloads/plant.py Work/Q2
    4  brew install python-matplotlib
    5  python3 Work/Q2/plant.py
    6  mkdir Work/Q2/Diagram_1
    7  mv *.png Work/Q2/Diagram_1
    8  zip -r "BACKUPS/Diagrams1_$(date +"%Y-%m-%d_%H-%M-%S").zip" Work/Q2/Diagram_1
    9  git add.
   10  git add .
   11  git commit -m "Q2.1 complete"
   12  git checkout main
   13  git marge BR_Q2
   14  git merge BR_Q2
   15  git push -u origin main
   16  nano Work/Q2/plant.py
   17  echo "matplotlib\nargparse" > requirements.txt
   18  brew uninstall python-matplotlib
   19  python3 -m venv venv
   20  source venv/bin/activate
   21  pip install -r requirements.txt
   22  python3 Work/Q2/plant.py --plant "Rose" --height 12 13 14 17 20 --leaf_count 10 20 30 40 50 --dry_weight 11 12 13 14 15
   23  mkdir Work/Q2/Diagrams_2
   24  mv *.png Work/Q2/Diagrams_2
   25  zip -r "BACKUPS/Diagrams2_$(date +"%Y-%m-%d_%H-%M-%S").zip" Work/Q2/Diagram_2
   26  zip -r "BACKUPS/Diagrams2_$(date +"%Y-%m-%d_%H-%M-%S").zip" Work/Q2/Diagrams_2
